Compiled app.coffee
Compiled jquery.typed.coffee
Compiled severus.coffee
Compiled util2.coffee
Compiled app.coffee
Compiled jquery.typed.coffee
Compiled severus.coffee
Compiled util2.coffee
Compiled app.coffee
Compiled app.coffee
Compiled app.coffee
Compiled app.coffee
Compiled app.coffee
Compiled app.coffee
In app.coffee, Parse error on line 129: Unexpected 'TERMINATOR'
In app.coffee, Parse error on line 129: Unexpected 'TERMINATOR'
In app.coffee, Parse error on line 129: Unexpected 'TERMINATOR'
Compiled app.coffee
Compiled app.coffee
Compiled app.coffee
Compiled app.coffee
Compiled app.coffee
Compiled app.coffee
Compiled app.coffee
Compiled app.coffee
Compiled app.coffee
Compiled app.coffee
Compiled app.coffee
Compiled app.coffee
Compiled app.coffee
Compiled app.coffee
Compiled app.coffee
Compiled app.coffee
Compiled app.coffee
Compiled app2.coffee
Compiled jquery.typed.coffee
Compiled app.coffee
Compiled severus.coffee
Compiled util2.coffee
Compiled app2.coffee
Compiled app2.coffee
Compiled app2.coffee
Compiled app2.coffee
Compiled app2.coffee
Compiled app2.coffee
Compiled app2.coffee
Compiled app2.coffee
Compiled app2.coffee
Compiled app2.coffee
Compiled app2.coffee
Compiled app2.coffee
Compiled app2.coffee
Compiled app2.coffee
Compiled app2.coffee
Compiled app2.coffee
Compiled app2.coffee
